<?xml version="1.0"?>

<beans xmlns="http://www.springframework.org/schema/beans" 
	xmlns:xsi="http://www.w3.org/2001/XMLSchema-instance" 
	xmlns:context="http://www.springframework.org/schema/context"
	default-destroy-method="destroy" default-init-method="afterPropertiesSet" 
	xsi:schemaLocation="
	http://www.springframework.org/schema/beans
	http://www.springframework.org/schema/beans/spring-beans-3.0.xsd
    http://www.springframework.org/schema/context 
    http://www.springframework.org/schema/context/spring-context-3.0.xsd   ">
	
  	<context:property-placeholder location="classpath*:META-INF/properties/*.properties" />

	
	<bean id="com.liferay.portal.service.MockContextProvider" class="com.liferay.portal.service.MockContextProvider" >
		<property name="dataSource" ref="liferayDataSource" />
	</bean>
	
</beans>